[2020-09-23 02:47:48,252] INFO Starting the log cleaner (kafka.log.LogCleaner)
[2020-09-23 02:47:48,306] INFO [kafka-log-cleaner-thread-0]: Starting (kafka.log.LogCleaner)
[2020-09-23 18:48:35,501] INFO Starting the log cleaner (kafka.log.LogCleaner)
[2020-09-23 18:48:35,556] INFO [kafka-log-cleaner-thread-0]: Starting (kafka.log.LogCleaner)
[2020-09-23 23:40:35,624] INFO Starting the log cleaner (kafka.log.LogCleaner)
[2020-09-23 23:40:35,681] INFO [kafka-log-cleaner-thread-0]: Starting (kafka.log.LogCleaner)
[2020-09-24 00:31:45,392] INFO Starting the log cleaner (kafka.log.LogCleaner)
[2020-09-24 00:31:45,446] INFO [kafka-log-cleaner-thread-0]: Starting (kafka.log.LogCleaner)
[2020-09-24 00:31:46,536] INFO Shutting down the log cleaner. (kafka.log.LogCleaner)
[2020-09-24 00:31:46,536] INFO [kafka-log-cleaner-thread-0]: Shutting down (kafka.log.LogCleaner)
[2020-09-24 00:31:46,536] INFO [kafka-log-cleaner-thread-0]: Stopped (kafka.log.LogCleaner)
[2020-09-24 00:31:46,536] INFO [kafka-log-cleaner-thread-0]: Shutdown completed (kafka.log.LogCleaner)
[2020-09-24 01:20:48,854] INFO Starting the log cleaner (kafka.log.LogCleaner)
[2020-09-24 01:20:48,913] INFO [kafka-log-cleaner-thread-0]: Starting (kafka.log.LogCleaner)
[2020-09-24 01:41:16,440] INFO Shutting down the log cleaner. (kafka.log.LogCleaner)
[2020-09-24 01:41:16,441] INFO [kafka-log-cleaner-thread-0]: Shutting down (kafka.log.LogCleaner)
[2020-09-24 01:41:16,441] INFO [kafka-log-cleaner-thread-0]: Stopped (kafka.log.LogCleaner)
[2020-09-24 01:41:16,441] INFO [kafka-log-cleaner-thread-0]: Shutdown completed (kafka.log.LogCleaner)
[2020-09-24 01:42:14,483] INFO Starting the log cleaner (kafka.log.LogCleaner)
[2020-09-24 01:42:14,535] INFO [kafka-log-cleaner-thread-0]: Starting (kafka.log.LogCleaner)
[2020-09-24 01:44:10,131] INFO Shutting down the log cleaner. (kafka.log.LogCleaner)
[2020-09-24 01:44:10,132] INFO [kafka-log-cleaner-thread-0]: Shutting down (kafka.log.LogCleaner)
[2020-09-24 01:44:10,132] INFO [kafka-log-cleaner-thread-0]: Stopped (kafka.log.LogCleaner)
[2020-09-24 01:44:10,132] INFO [kafka-log-cleaner-thread-0]: Shutdown completed (kafka.log.LogCleaner)
[2020-09-24 01:44:29,532] INFO Starting the log cleaner (kafka.log.LogCleaner)
[2020-09-24 01:44:29,583] INFO [kafka-log-cleaner-thread-0]: Starting (kafka.log.LogCleaner)
[2020-09-24 01:44:43,703] INFO Shutting down the log cleaner. (kafka.log.LogCleaner)
[2020-09-24 01:44:43,703] INFO [kafka-log-cleaner-thread-0]: Shutting down (kafka.log.LogCleaner)
[2020-09-24 01:44:43,703] INFO [kafka-log-cleaner-thread-0]: Stopped (kafka.log.LogCleaner)
[2020-09-24 01:44:43,703] INFO [kafka-log-cleaner-thread-0]: Shutdown completed (kafka.log.LogCleaner)
[2020-09-24 01:45:23,011] INFO Starting the log cleaner (kafka.log.LogCleaner)
[2020-09-24 01:45:23,062] INFO [kafka-log-cleaner-thread-0]: Starting (kafka.log.LogCleaner)
[2020-09-24 01:48:42,678] INFO Starting the log cleaner (kafka.log.LogCleaner)
[2020-09-24 01:48:42,729] INFO [kafka-log-cleaner-thread-0]: Starting (kafka.log.LogCleaner)
[2020-09-24 02:21:29,510] INFO Starting the log cleaner (kafka.log.LogCleaner)
[2020-09-24 02:21:29,563] INFO [kafka-log-cleaner-thread-0]: Starting (kafka.log.LogCleaner)
